Added Component: Designator=J4(Header 8x1 8.5mm)
Add component. Clean all parameters for all variants
Add component (AddParameter): Name = "Supplier 1"; Value = "Arrow"; VariantName = "[No Variations]"
Add component (AddParameter): Name = "Supplier 2"; Value = "Arrow"; VariantName = "[No Variations]"
Add component (AddParameter): Name = "Supplier 3"; Value = "Digi-Key"; VariantName = "[No Variations]"
Add component (AddParameter): Name = "Supplier Part Number 1"; Value = "2698925"; VariantName = "[No Variations]"
Add component (AddParameter): Name = "Supplier Part Number 2"; Value = "2698940"; VariantName = "[No Variations]"
Add component (AddParameter): Name = "Supplier Part Number 3"; Value = "SAM1198-08-ND"; VariantName = "[No Variations]"
Added Component: Designator=J5(Header 8x1 8.5mm)
Add component. Clean all parameters for all variants
Add component (AddParameter): Name = "Supplier 1"; Value = "Arrow"; VariantName = "[No Variations]"
Add component (AddParameter): Name = "Supplier 2"; Value = "Arrow"; VariantName = "[No Variations]"
Add component (AddParameter): Name = "Supplier 3"; Value = "Digi-Key"; VariantName = "[No Variations]"
Add component (AddParameter): Name = "Supplier Part Number 1"; Value = "2698925"; VariantName = "[No Variations]"
Add component (AddParameter): Name = "Supplier Part Number 2"; Value = "2698940"; VariantName = "[No Variations]"
Add component (AddParameter): Name = "Supplier Part Number 3"; Value = "SAM1198-08-ND"; VariantName = "[No Variations]"
Added Component: Designator=J6(Header 8x1 8.5mm)
Add component. Clean all parameters for all variants
Add component (AddParameter): Name = "Supplier 1"; Value = "Arrow"; VariantName = "[No Variations]"
Add component (AddParameter): Name = "Supplier 2"; Value = "Arrow"; VariantName = "[No Variations]"
Add component (AddParameter): Name = "Supplier 3"; Value = "Digi-Key"; VariantName = "[No Variations]"
Add component (AddParameter): Name = "Supplier Part Number 1"; Value = "2698925"; VariantName = "[No Variations]"
Add component (AddParameter): Name = "Supplier Part Number 2"; Value = "2698940"; VariantName = "[No Variations]"
Add component (AddParameter): Name = "Supplier Part Number 3"; Value = "SAM1198-08-ND"; VariantName = "[No Variations]"
Added Component: Designator=J7(Header 8x1 8.5mm)
Add component. Clean all parameters for all variants
Add component (AddParameter): Name = "Supplier 1"; Value = "Arrow"; VariantName = "[No Variations]"
Add component (AddParameter): Name = "Supplier 2"; Value = "Arrow"; VariantName = "[No Variations]"
Add component (AddParameter): Name = "Supplier 3"; Value = "Digi-Key"; VariantName = "[No Variations]"
Add component (AddParameter): Name = "Supplier Part Number 1"; Value = "2698925"; VariantName = "[No Variations]"
Add component (AddParameter): Name = "Supplier Part Number 2"; Value = "2698940"; VariantName = "[No Variations]"
Add component (AddParameter): Name = "Supplier Part Number 3"; Value = "SAM1198-08-ND"; VariantName = "[No Variations]"
Added Member To Class: ClassName=Header Member=Component J4 8pin_header
Added Member To Class: ClassName=Header Member=Component J5 8pin_header
Added Member To Class: ClassName=Header Member=Component J6 8pin_header
Added Member To Class: ClassName=Header Member=Component J7 8pin_header
