Added Component: Designator=J4(SOCKET_1x8_SMD)
Add component. Clean all parameters for all variants
Add component (AddParameter): Name = "Supplier 1"; Value = "Arrow"; VariantName = "[No Variations]"
Add component (AddParameter): Name = "Supplier 2"; Value = "Arrow"; VariantName = "[No Variations]"
Add component (AddParameter): Name = "Supplier 3"; Value = "Digi-Key"; VariantName = "[No Variations]"
Add component (AddParameter): Name = "Supplier Part Number 1"; Value = "2698925"; VariantName = "[No Variations]"
Add component (AddParameter): Name = "Supplier Part Number 2"; Value = "2698940"; VariantName = "[No Variations]"
Add component (AddParameter): Name = "Supplier Part Number 3"; Value = "SAM1198-08-ND"; VariantName = "[No Variations]"
Added Pin To Net: NetName=GND Pin=J4-1
Added Pin To Net: NetName=GND Pin=J4-1
Added Pin To Net: NetName=P0.25 Pin=J4-2
Added Pin To Net: NetName=P0.25 Pin=J4-2
Added Pin To Net: NetName=P0.26 Pin=J4-3
Added Pin To Net: NetName=P0.26 Pin=J4-3
Added Pin To Net: NetName=P0.27 Pin=J4-4
Added Pin To Net: NetName=P0.27 Pin=J4-4
Added Pin To Net: NetName=P0.28/AIN4 Pin=J4-5
Added Pin To Net: NetName=P0.28/AIN4 Pin=J4-5
Added Pin To Net: NetName=P0.29/AIN5 Pin=J4-6
Added Pin To Net: NetName=P0.29/AIN5 Pin=J4-6
Added Pin To Net: NetName=P0.30/AIN6 Pin=J4-7
Added Pin To Net: NetName=P0.30/AIN6 Pin=J4-7
Added Pin To Net: NetName=P0.31/AIN7 Pin=J4-8
Added Pin To Net: NetName=P0.31/AIN7 Pin=J4-8
Added Member To Class: ClassName=Header Member=Component J4 8pin_header
