Added Component: Designator=J5(Header 6x1 8.5mm)
Add component. Clean all parameters for all variants
Add component (AddParameter): Name = "Supplier 1"; Value = "Arrow"; VariantName = "[No Variations]"
Add component (AddParameter): Name = "Supplier 2"; Value = "Arrow"; VariantName = "[No Variations]"
Add component (AddParameter): Name = "Supplier 3"; Value = "Digi-Key"; VariantName = "[No Variations]"
Add component (AddParameter): Name = "Supplier 4"; Value = "Newark"; VariantName = "[No Variations]"
Add component (AddParameter): Name = "Supplier Part Number 1"; Value = "52553843"; VariantName = "[No Variations]"
Add component (AddParameter): Name = "Supplier Part Number 2"; Value = "2699089"; VariantName = "[No Variations]"
Add component (AddParameter): Name = "Supplier Part Number 3"; Value = "SAM1198-06-ND"; VariantName = "[No Variations]"
Add component (AddParameter): Name = "Supplier Part Number 4"; Value = "11P8269"; VariantName = "[No Variations]"
Added Component: Designator=J6(Header 6x1 8.5mm)
Add component. Clean all parameters for all variants
Add component (AddParameter): Name = "Supplier 1"; Value = "Arrow"; VariantName = "[No Variations]"
Add component (AddParameter): Name = "Supplier 2"; Value = "Arrow"; VariantName = "[No Variations]"
Add component (AddParameter): Name = "Supplier 3"; Value = "Digi-Key"; VariantName = "[No Variations]"
Add component (AddParameter): Name = "Supplier 4"; Value = "Newark"; VariantName = "[No Variations]"
Add component (AddParameter): Name = "Supplier Part Number 1"; Value = "52553843"; VariantName = "[No Variations]"
Add component (AddParameter): Name = "Supplier Part Number 2"; Value = "2699089"; VariantName = "[No Variations]"
Add component (AddParameter): Name = "Supplier Part Number 3"; Value = "SAM1198-06-ND"; VariantName = "[No Variations]"
Add component (AddParameter): Name = "Supplier Part Number 4"; Value = "11P8269"; VariantName = "[No Variations]"
Added Component: Designator=J7(Header 6x1 8.5mm)
Add component. Clean all parameters for all variants
Add component (AddParameter): Name = "Supplier 1"; Value = "Arrow"; VariantName = "[No Variations]"
Add component (AddParameter): Name = "Supplier 2"; Value = "Arrow"; VariantName = "[No Variations]"
Add component (AddParameter): Name = "Supplier 3"; Value = "Digi-Key"; VariantName = "[No Variations]"
Add component (AddParameter): Name = "Supplier 4"; Value = "Newark"; VariantName = "[No Variations]"
Add component (AddParameter): Name = "Supplier Part Number 1"; Value = "52553843"; VariantName = "[No Variations]"
Add component (AddParameter): Name = "Supplier Part Number 2"; Value = "2699089"; VariantName = "[No Variations]"
Add component (AddParameter): Name = "Supplier Part Number 3"; Value = "SAM1198-06-ND"; VariantName = "[No Variations]"
Add component (AddParameter): Name = "Supplier Part Number 4"; Value = "11P8269"; VariantName = "[No Variations]"
Added Member To Class: ClassName=Header Member=Component J5 6pin_header
Added Member To Class: ClassName=Header Member=Component J6 6pin_header
Added Member To Class: ClassName=Header Member=Component J7 6pin_header
Added Room: Name=Header
Added Room: Name=nrf52832_qfab_dcdc
Added Room: Name=Power_management
